{"message":"Invalid login attempt for foobar","level":"info","timestamp":"2021-09-14 09:51:08"}
{"message":"Invalid login attempt for foobar","level":"info","timestamp":"2021-09-16 16:54:53"}
{"message":"Invalid login attempt for foobar","level":"info","timestamp":"2021-10-10 11:21:24"}
{"message":"Invalid login attempt for foobar","level":"info","timestamp":"2021-10-10 11:24:02"}
{"message":"Invalid login attempt for foobar","level":"info","timestamp":"2021-10-10 11:27:21"}
{"message":"Invalid login attempt for foobar","level":"info","timestamp":"2021-10-10 12:31:14"}
{"message":"Invalid login attempt for foobar","level":"info","timestamp":"2021-10-16 15:01:09"}
{"0":"u","1":"s","2":"e","3":"r","4":"1","5":"f","6":"b","7":"4","8":"4","9":"0","10":"0","11":"7","12":"c","13":"1","14":"1","15":"9","16":"5","17":"8","18":"2","19":"0","20":"7","21":"b","22":"c","23":"9","24":"6","25":"1","26":"9","27":"4","28":"7","29":"4","30":"1","31":"d","32":"a","33":"1","34":"0","35":"3","level":"error","message":"Unable to find user by username","timestamp":"2021-10-21 20:38:07"}
{"0":"u","1":"s","2":"e","3":"r","4":"4","5":"3","6":"8","7":"f","8":"5","9":"6","10":"1","11":"4","12":"b","13":"8","14":"6","15":"d","16":"2","17":"5","18":"8","19":"f","20":"c","21":"3","22":"f","23":"f","24":"7","25":"2","26":"c","27":"7","28":"6","29":"c","30":"e","31":"d","32":"c","33":"4","34":"9","35":"c","level":"error","message":"Unable to find user by username","timestamp":"2021-10-21 20:38:07"}
{"0":"a","1":"d","2":"m","3":"i","4":"n","level":"error","message":"Unable to find user by username","timestamp":"2021-10-21 20:38:07"}
{"message":"Invalid login attempt for admin","level":"info","timestamp":"2021-10-21 20:38:07"}
{"0":"u","1":"s","2":"e","3":"r","4":"3","5":"e","6":"1","7":"2","8":"3","9":"9","10":"a","11":"4","12":"f","13":"b","14":"d","15":"1","16":"5","17":"a","18":"a","19":"8","20":"b","21":"7","22":"c","23":"6","24":"f","25":"8","26":"5","27":"6","28":"3","29":"8","30":"2","31":"c","32":"a","33":"5","34":"f","35":"3","level":"error","message":"Unable to find user by username","timestamp":"2021-10-21 20:38:07"}
{"0":"u","1":"s","2":"e","3":"r","4":"8","5":"e","6":"c","7":"5","8":"6","9":"b","10":"9","11":"0","12":"a","13":"9","14":"d","15":"6","16":"a","17":"5","18":"b","19":"2","20":"2","21":"1","22":"4","23":"c","24":"4","25":"e","26":"d","27":"9","28":"d","29":"0","30":"9","31":"0","32":"5","33":"6","34":"2","35":"e","level":"error","message":"Unable to find user by username","timestamp":"2021-10-21 20:38:07"}
{"0":"a","1":"d","2":"m","3":"i","4":"n","level":"error","message":"Unable to find user by username","timestamp":"2021-10-21 20:38:07"}
{"message":"Invalid login attempt for admin","level":"info","timestamp":"2021-10-21 20:38:07"}
{"0":"u","1":"s","2":"e","3":"r","4":"d","5":"1","6":"3","7":"0","8":"d","9":"8","10":"f","11":"9","12":"4","13":"0","14":"a","15":"e","16":"0","17":"b","18":"6","19":"3","20":"4","21":"6","22":"1","23":"0","24":"c","25":"a","26":"7","27":"e","28":"b","29":"3","30":"a","31":"8","32":"9","33":"8","34":"8","35":"3","level":"error","message":"Unable to find user by username","timestamp":"2021-10-21 20:38:07"}
{"0":"u","1":"s","2":"e","3":"r","4":"2","5":"2","6":"b","7":"3","8":"b","9":"c","10":"9","11":"e","12":"4","13":"5","14":"e","15":"5","16":"0","17":"1","18":"4","19":"e","20":"4","21":"f","22":"9","23":"4","24":"2","25":"e","26":"2","27":"6","28":"0","29":"d","30":"8","31":"1","32":"e","33":"9","34":"c","35":"0","level":"error","message":"Unable to find user by username","timestamp":"2021-10-21 20:38:07"}
{"level":"error","message":"Unable to find user by username","timestamp":"2021-10-21 20:38:07"}
{"0":"u","1":"s","2":"e","3":"r","4":"b","5":"2","6":"6","7":"2","8":"e","9":"7","10":"a","11":"b","12":"2","13":"8","14":"d","15":"f","16":"3","17":"7","18":"d","19":"b","20":"f","21":"6","22":"4","23":"e","24":"4","25":"1","26":"9","27":"8","28":"8","29":"9","30":"f","31":"8","32":"2","33":"1","34":"7","35":"d","level":"error","message":"Unable to find user by username","timestamp":"2021-10-21 20:38:07"}
{"0":"x","1":"x","2":"x","3":"x","4":"x","5":"x","6":"x","7":"x","8":"x","9":"x","10":"x","11":"x","12":"x","13":"x","14":"x","15":"x","16":"x","17":"x","18":"x","19":"x","20":"x","21":"x","22":"x","23":"x","24":"x","25":"x","26":"x","27":"x","28":"x","29":"x","30":"x","31":"x","32":"x","33":"x","34":"x","35":"x","36":"x","37":"x","38":"x","39":"x","40":"x","41":"x","42":"x","43":"x","44":"x","45":"x","46":"x","47":"x","48":"x","49":"x","50":"x","51":"x","52":"x","53":"x","54":"x","55":"x","56":"x","57":"x","58":"x","59":"x","60":"x","61":"x","62":"x","63":"x","64":"x","65":"x","66":"x","67":"x","68":"x","69":"x","70":"x","71":"x","72":"x","73":"x","74":"x","75":"x","76":"x","77":"x","78":"x","79":"x","80":"x","81":"x","82":"x","83":"x","84":"x","85":"x","86":"x","87":"x","88":"x","89":"x","90":"x","91":"x","92":"x","93":"x","94":"x","95":"x","96":"x","97":"x","98":"x","99":"x","100":"x","101":"x","102":"x","103":"x","104":"x","105":"x","106":"x","107":"x","108":"x","109":"x","110":"x","111":"x","112":"x","113":"x","114":"x","115":"x","116":"x","117":"x","118":"x","119":"x","120":"x","121":"x","122":"x","123":"x","124":"x","125":"x","126":"x","127":"x","128":"x","129":"x","130":"x","131":"x","132":"x","133":"x","134":"x","135":"x","136":"x","137":"x","138":"x","139":"x","140":"x","141":"x","142":"x","143":"x","144":"x","145":"x","146":"x","147":"x","148":"x","149":"x","150":"x","151":"x","152":"x","153":"x","154":"x","155":"x","156":"x","157":"x","158":"x","159":"x","160":"x","161":"x","162":"x","163":"x","164":"x","165":"x","166":"x","167":"x","168":"x","169":"x","170":"x","171":"x","172":"x","173":"x","174":"x","175":"x","176":"x","177":"x","178":"x","179":"x","180":"x","181":"x","182":"x","183":"x","184":"x","185":"x","186":"x","187":"x","188":"x","189":"x","190":"x","191":"x","192":"x","193":"x","194":"x","195":"x","196":"x","197":"x","198":"x","199":"x","200":"x","201":"x","202":"x","203":"x","204":"x","205":"x","206":"x","207":"x","208":"x","209":"x","210":"x","211":"x","212":"x","213":"x","214":"x","215":"x","216":"x","217":"x","218":"x","219":"x","220":"x","221":"x","222":"x","223":"x","224":"x","225":"x","226":"x","227":"x","228":"x","229":"x","230":"x","231":"x","232":"x","233":"x","234":"x","235":"x","236":"x","237":"x","238":"x","239":"x","240":"x","241":"x","242":"x","243":"x","244":"x","245":"x","246":"x","247":"x","248":"x","249":"x","250":"x","251":"x","252":"x","253":"x","254":"x","255":"x","256":"x","level":"error","message":"Unable to find user by username","timestamp":"2021-10-21 20:38:07"}
{"0":"u","1":"s","2":"e","3":"r","4":"b","5":"2","6":"6","7":"2","8":"e","9":"7","10":"a","11":"b","12":"2","13":"8","14":"d","15":"f","16":"3","17":"7","18":"d","19":"b","20":"f","21":"6","22":"4","23":"e","24":"4","25":"1","26":"9","27":"8","28":"8","29":"9","30":"f","31":"8","32":"2","33":"1","34":"7","35":"d","level":"error","message":"Unable to find user by username","timestamp":"2021-10-21 20:38:07"}
{"0":"u","1":"s","2":"e","3":"r","4":"b","5":"2","6":"6","7":"2","8":"e","9":"7","10":"a","11":"b","12":"2","13":"8","14":"d","15":"f","16":"3","17":"7","18":"d","19":"b","20":"f","21":"6","22":"4","23":"e","24":"4","25":"1","26":"9","27":"8","28":"8","29":"9","30":"f","31":"8","32":"2","33":"1","34":"7","35":"d","level":"error","message":"Unable to find user by username","timestamp":"2021-10-21 20:38:07"}
{"0":"u","1":"s","2":"e","3":"r","4":"b","5":"2","6":"6","7":"2","8":"e","9":"7","10":"a","11":"b","12":"2","13":"8","14":"d","15":"f","16":"3","17":"7","18":"d","19":"b","20":"f","21":"6","22":"4","23":"e","24":"4","25":"1","26":"9","27":"8","28":"8","29":"9","30":"f","31":"8","32":"2","33":"1","34":"7","35":"d","level":"error","message":"Unable to find user by username","timestamp":"2021-10-21 20:38:07"}
{"0":"u","1":"s","2":"e","3":"r","4":"1","5":"f","6":"b","7":"4","8":"4","9":"0","10":"0","11":"7","12":"c","13":"1","14":"1","15":"9","16":"5","17":"8","18":"2","19":"0","20":"7","21":"b","22":"c","23":"9","24":"6","25":"1","26":"9","27":"4","28":"7","29":"4","30":"1","31":"d","32":"a","33":"1","34":"0","35":"3","level":"error","message":"Unable to find user by username","timestamp":"2021-10-21 20:38:07"}
{"message":"Invalid login attempt for user1fb44007c11958207bc96194741da103","level":"info","timestamp":"2021-10-21 20:38:07"}
{"0":"u","1":"s","2":"e","3":"r","4":"4","5":"3","6":"8","7":"f","8":"5","9":"6","10":"1","11":"4","12":"b","13":"8","14":"6","15":"d","16":"2","17":"5","18":"8","19":"f","20":"c","21":"3","22":"f","23":"f","24":"7","25":"2","26":"c","27":"7","28":"6","29":"c","30":"e","31":"d","32":"c","33":"4","34":"9","35":"c","level":"error","message":"Unable to find user by username","timestamp":"2021-10-21 20:38:07"}
{"message":"Invalid login attempt for user438f5614b86d258fc3ff72c76cedc49c","level":"info","timestamp":"2021-10-21 20:38:07"}
{"0":"a","1":"d","2":"m","3":"i","4":"n","level":"error","message":"Unable to find user by username","timestamp":"2021-10-21 20:38:07"}
{"message":"Invalid login attempt for admin","level":"info","timestamp":"2021-10-21 20:38:07"}
{"0":"a","1":"d","2":"m","3":"i","4":"n","level":"error","message":"Unable to find user by username","timestamp":"2021-10-21 20:38:07"}
{"message":"Invalid login attempt for admin","level":"info","timestamp":"2021-10-21 20:38:07"}
{"0":"u","1":"s","2":"e","3":"r","4":"3","5":"e","6":"1","7":"2","8":"3","9":"9","10":"a","11":"4","12":"f","13":"b","14":"d","15":"1","16":"5","17":"a","18":"a","19":"8","20":"b","21":"7","22":"c","23":"6","24":"f","25":"8","26":"5","27":"6","28":"3","29":"8","30":"2","31":"c","32":"a","33":"5","34":"f","35":"3","level":"error","message":"Unable to find user by username","timestamp":"2021-10-21 20:38:07"}
{"message":"Invalid login attempt for user3e1239a4fbd15aa8b7c6f856382ca5f3","level":"info","timestamp":"2021-10-21 20:38:07"}
{"0":"u","1":"s","2":"e","3":"r","4":"8","5":"e","6":"c","7":"5","8":"6","9":"b","10":"9","11":"0","12":"a","13":"9","14":"d","15":"6","16":"a","17":"5","18":"b","19":"2","20":"2","21":"1","22":"4","23":"c","24":"4","25":"e","26":"d","27":"9","28":"d","29":"0","30":"9","31":"0","32":"5","33":"6","34":"2","35":"e","level":"error","message":"Unable to find user by username","timestamp":"2021-10-21 20:38:07"}
{"message":"Invalid login attempt for user8ec56b90a9d6a5b2214c4ed9d090562e","level":"info","timestamp":"2021-10-21 20:38:07"}
{"0":"a","1":"d","2":"m","3":"i","4":"n","level":"error","message":"Unable to find user by username","timestamp":"2021-10-21 20:38:07"}
{"message":"Invalid login attempt for admin","level":"info","timestamp":"2021-10-21 20:38:07"}
{"0":"u","1":"s","2":"e","3":"r","4":"8","5":"5","6":"1","7":"d","8":"5","9":"5","10":"4","11":"4","12":"3","13":"6","14":"f","15":"3","16":"3","17":"a","18":"b","19":"4","20":"3","21":"5","22":"0","23":"9","24":"f","25":"c","26":"8","27":"b","28":"f","29":"5","30":"e","31":"9","32":"b","33":"1","34":"3","35":"d","level":"error","message":"Unable to find user by username","timestamp":"2021-10-21 20:38:07"}
{"0":"a","1":"d","2":"m","3":"i","4":"n","level":"error","message":"Unable to find user by username","timestamp":"2021-10-21 20:38:07"}
{"message":"Invalid login attempt for admin","level":"info","timestamp":"2021-10-21 20:38:07"}
{"0":"a","1":"d","2":"m","3":"i","4":"n","level":"error","message":"Unable to find user by username","timestamp":"2021-10-21 20:38:07"}
{"message":"Invalid login attempt for admin","level":"info","timestamp":"2021-10-21 20:38:07"}
{"0":"a","1":"d","2":"m","3":"i","4":"n","level":"error","message":"Unable to find user by username","timestamp":"2021-10-21 20:38:07"}
{"message":"Invalid login attempt for admin","level":"info","timestamp":"2021-10-21 20:38:07"}
{"0":"a","1":"d","2":"m","3":"i","4":"n","level":"error","message":"Unable to find user by username","timestamp":"2021-10-21 20:38:07"}
{"message":"Invalid login attempt for admin","level":"info","timestamp":"2021-10-21 20:38:07"}
{"0":"a","1":"d","2":"m","3":"i","4":"n","level":"error","message":"Unable to find user by username","timestamp":"2021-10-21 20:38:07"}
{"message":"Invalid login attempt for admin","level":"info","timestamp":"2021-10-21 20:38:07"}
{"0":"a","1":"d","2":"m","3":"i","4":"n","level":"error","message":"Unable to find user by username","timestamp":"2021-10-21 20:38:07"}
{"message":"Invalid login attempt for admin","level":"info","timestamp":"2021-10-21 20:38:07"}
{"0":"u","1":"s","2":"e","3":"r","4":"1","5":"c","6":"f","7":"8","8":"3","9":"2","10":"a","11":"d","12":"0","13":"5","14":"5","15":"6","16":"2","17":"d","18":"d","19":"5","20":"8","21":"5","22":"f","23":"c","24":"8","25":"f","26":"3","27":"5","28":"1","29":"c","30":"4","31":"7","32":"d","33":"9","34":"e","35":"b","level":"error","message":"Unable to find user by username","timestamp":"2021-10-21 20:38:07"}
{"0":"a","1":"d","2":"m","3":"i","4":"n","level":"error","message":"Unable to find user by username","timestamp":"2021-10-21 20:38:07"}
{"message":"Invalid login attempt for admin","level":"info","timestamp":"2021-10-21 20:38:07"}
{"0":"a","1":"d","2":"m","3":"i","4":"n","level":"error","message":"Unable to find user by username","timestamp":"2021-10-21 20:38:07"}
{"message":"Invalid login attempt for admin","level":"info","timestamp":"2021-10-21 20:38:07"}
{"0":"a","1":"d","2":"m","3":"i","4":"n","level":"error","message":"Unable to find user by username","timestamp":"2021-10-21 20:38:07"}
{"message":"Invalid login attempt for admin","level":"info","timestamp":"2021-10-21 20:38:07"}
{"0":"a","1":"d","2":"m","3":"i","4":"n","level":"error","message":"Unable to find user by username","timestamp":"2021-10-21 20:38:07"}
{"message":"Invalid login attempt for admin","level":"info","timestamp":"2021-10-21 20:38:07"}
{"0":"u","1":"s","2":"e","3":"r","4":"6","5":"a","6":"7","7":"4","8":"b","9":"1","10":"e","11":"8","12":"8","13":"9","14":"7","15":"e","16":"6","17":"f","18":"b","19":"d","20":"9","21":"1","22":"2","23":"1","24":"2","25":"2","26":"c","27":"a","28":"3","29":"d","30":"2","31":"f","32":"9","33":"e","34":"8","35":"a","level":"error","message":"Unable to find user by username","timestamp":"2021-10-21 20:38:07"}
{"0":"u","1":"s","2":"e","3":"r","4":"d","5":"1","6":"3","7":"0","8":"d","9":"8","10":"f","11":"9","12":"4","13":"0","14":"a","15":"e","16":"0","17":"b","18":"6","19":"3","20":"4","21":"6","22":"1","23":"0","24":"c","25":"a","26":"7","27":"e","28":"b","29":"3","30":"a","31":"8","32":"9","33":"8","34":"8","35":"3","level":"error","message":"Unable to find user by username","timestamp":"2021-10-21 20:38:07"}
{"message":"Invalid login attempt for userd130d8f940ae0b634610ca7eb3a89883","level":"info","timestamp":"2021-10-21 20:38:07"}
{"0":"u","1":"s","2":"e","3":"r","4":"2","5":"2","6":"b","7":"3","8":"b","9":"c","10":"9","11":"e","12":"4","13":"5","14":"e","15":"5","16":"0","17":"1","18":"4","19":"e","20":"4","21":"f","22":"9","23":"4","24":"2","25":"e","26":"2","27":"6","28":"0","29":"d","30":"8","31":"1","32":"e","33":"9","34":"c","35":"0","level":"error","message":"Unable to find user by username","timestamp":"2021-10-21 20:38:07"}
{"message":"Invalid login attempt for user22b3bc9e45e5014e4f942e260d81e9c0","level":"info","timestamp":"2021-10-21 20:38:07"}
{"0":"u","1":"s","2":"e","3":"r","4":"5","5":"9","6":"6","7":"4","8":"5","9":"5","10":"d","11":"f","12":"f","13":"6","14":"d","15":"5","16":"a","17":"8","18":"b","19":"d","20":"3","21":"5","22":"7","23":"5","24":"d","25":"a","26":"d","27":"6","28":"4","29":"a","30":"9","31":"a","32":"4","33":"8","34":"6","35":"1","level":"error","message":"Unable to find user by username","timestamp":"2021-10-21 20:38:07"}
{"0":"u","1":"s","2":"e","3":"r","4":"8","5":"3","6":"b","7":"e","8":"b","9":"8","10":"0","11":"9","12":"8","13":"0","14":"4","15":"2","16":"8","17":"8","18":"a","19":"f","20":"0","21":"8","22":"7","23":"a","24":"1","25":"8","26":"2","27":"4","28":"9","29":"a","30":"2","31":"1","32":"3","33":"c","34":"f","35":"1","level":"error","message":"Unable to find user by username","timestamp":"2021-10-21 20:38:07"}
{"0":"u","1":"s","2":"e","3":"r","4":"b","5":"2","6":"6","7":"2","8":"e","9":"7","10":"a","11":"b","12":"2","13":"8","14":"d","15":"f","16":"3","17":"7","18":"d","19":"b","20":"f","21":"6","22":"4","23":"e","24":"4","25":"1","26":"9","27":"8","28":"8","29":"9","30":"f","31":"8","32":"2","33":"1","34":"7","35":"d","level":"error","message":"Unable to find user by username","timestamp":"2021-10-21 20:38:07"}
{"0":"u","1":"s","2":"e","3":"r","4":"8","5":"5","6":"1","7":"d","8":"5","9":"5","10":"4","11":"4","12":"3","13":"6","14":"f","15":"3","16":"3","17":"a","18":"b","19":"4","20":"3","21":"5","22":"0","23":"9","24":"f","25":"c","26":"8","27":"b","28":"f","29":"5","30":"e","31":"9","32":"b","33":"1","34":"3","35":"d","level":"error","message":"Unable to find user by username","timestamp":"2021-10-21 20:38:07"}
{"message":"Invalid login attempt for user851d554436f33ab43509fc8bf5e9b13d","level":"info","timestamp":"2021-10-21 20:38:07"}
{"0":"a","1":"d","2":"m","3":"i","4":"n","level":"error","message":"Unable to find user by username","timestamp":"2021-10-21 20:38:07"}
{"message":"Invalid login attempt for admin","level":"info","timestamp":"2021-10-21 20:38:07"}
{"0":"a","1":"d","2":"m","3":"i","4":"n","level":"error","message":"Unable to find user by username","timestamp":"2021-10-21 20:38:07"}
{"message":"Invalid login attempt for admin","level":"info","timestamp":"2021-10-21 20:38:07"}
{"message":"Invalid login attempt for foobar","level":"info","timestamp":"2021-10-21 20:40:04"}
{"message":"Invalid login attempt for foobar","level":"info","timestamp":"2021-10-21 20:42:16"}
{"message":"Invalid login attempt for foobar","level":"info","timestamp":"2021-10-21 20:48:02"}
{"message":"Invalid login attempt for foobar","level":"info","timestamp":"2021-10-21 20:50:19"}
{"message":"Invalid login attempt for foobar","level":"info","timestamp":"2021-10-21 20:53:57"}
{"message":"Invalid login attempt for foobar","level":"info","timestamp":"2021-10-21 21:01:05"}
{"message":"Invalid login attempt for foobar","level":"info","timestamp":"2021-10-21 21:31:55"}
{"length":134,"name":"error","severity":"ERROR","code":"42703","position":"20","file":"analyze.c","line":"2336","routine":"transformUpdateTargetList","level":"error","message":"Error inserting file column \"curr_file_id\" of relation \"logging\" does not exist","stack":"error: column \"curr_file_id\" of relation \"logging\" does not exist\n    at Parser.parseErrorMessage (/home/anjrv/Projects/skalholt/backend/node_modules/pg-protocol/dist/parser.js:287:98)\n    at Parser.handlePacket (/home/anjrv/Projects/skalholt/backend/node_modules/pg-protocol/dist/parser.js:126:29)\n    at Parser.parse (/home/anjrv/Projects/skalholt/backend/node_modules/pg-protocol/dist/parser.js:39:38)\n    at Socket.<anonymous> (/home/anjrv/Projects/skalholt/backend/node_modules/pg-protocol/dist/index.js:11:42)\n    at Socket.emit (node:events:390:28)\n    at addChunk (node:internal/streams/readable:315:12)\n    at readableAddChunk (node:internal/streams/readable:289:9)\n    at Socket.Readable.push (node:internal/streams/readable:228:10)\n    at TCP.onStreamRead (node:internal/stream_base_commons:199:23)","timestamp":"2021-10-21 21:37:12"}
{"message":"Invalid login attempt for foobar","level":"info","timestamp":"2021-10-21 21:38:58"}
{"message":"Invalid login attempt for foobar","level":"info","timestamp":"2021-10-28 17:08:35"}
{"message":"Invalid login attempt for foobar","level":"info","timestamp":"2021-10-28 17:17:05"}
{"message":"Invalid login attempt for foobar","level":"info","timestamp":"2021-10-28 17:19:49"}
{"level":"error","message":"Unable to transform image 3 Input buffer contains unsupported image format","stack":"Error: Input buffer contains unsupported image format","timestamp":"2021-10-28 17:22:23"}
{"level":"error","message":"Unable to transform image 3 Input buffer contains unsupported image format","stack":"Error: Input buffer contains unsupported image format","timestamp":"2021-10-28 17:23:19"}
{"level":"error","message":"Unable to transform image 1 Input buffer contains unsupported image format","stack":"Error: Input buffer contains unsupported image format","timestamp":"2021-10-28 17:23:53"}
{"level":"error","message":"Unable to transform image 3 Input buffer contains unsupported image format","stack":"Error: Input buffer contains unsupported image format","timestamp":"2021-10-28 17:28:27"}
{"message":"Invalid login attempt for foobar","level":"info","timestamp":"2021-10-28 17:34:23"}
{"level":"error","message":"Unable to transform image 1 Input buffer contains unsupported image format","stack":"Error: Input buffer contains unsupported image format","timestamp":"2021-10-28 17:34:42"}
{"message":"Invalid login attempt for foobar","level":"info","timestamp":"2021-10-28 18:43:10"}
{"message":"Invalid login attempt for foobar","level":"info","timestamp":"2021-10-28 18:47:10"}
{"message":"Invalid login attempt for foobar","level":"info","timestamp":"2021-10-28 18:49:14"}
{"message":"Invalid login attempt for foobar","level":"info","timestamp":"2021-10-28 18:51:03"}
{"message":"Invalid login attempt for foobar","level":"info","timestamp":"2021-10-28 19:07:21"}
{"message":"Invalid login attempt for foobar","level":"info","timestamp":"2021-10-28 20:57:43"}
{"message":"Invalid login attempt for foobar","level":"info","timestamp":"2021-11-01 12:23:05"}
